<?xml version="1.0" encoding="UTF-8"?>
<testng-results skipped="0" failed="0" ignored="0" total="1" passed="1">
  <reporter-output>
  </reporter-output>
  <suite name="DriverFactory.AppTest" duration-ms="59464" started-at="2022-03-23T13:04:05Z" finished-at="2022-03-23T13:05:04Z">
    <groups>
    </groups>
    <test name="Command line test" duration-ms="59464" started-at="2022-03-23T13:04:05Z" finished-at="2022-03-23T13:05:04Z">
      <class name="DriverFactory.AppTest">
        <test-method status="PASS" signature="kicStart()[pri:0, instance:DriverFactory.AppTest@52af6cff]" name="kicStart" duration-ms="59444" started-at="2022-03-23T13:04:05Z" finished-at="2022-03-23T13:05:04Z">
          <reporter-output>
          </reporter-output>
        </test-method> <!-- kicStart -->
      </class> <!-- DriverFactory.AppTest -->
    </test> <!-- Command line test -->
  </suite> <!-- DriverFactory.AppTest -->
</testng-results>
