<?xml version="1.0" encoding="UTF-8"?>
<testng-results skipped="0" failed="0" ignored="0" total="1" passed="1">
  <reporter-output>
  </reporter-output>
  <suite name="Default suite" duration-ms="172901" started-at="2022-03-23T22:40:36 IST" finished-at="2022-03-23T22:43:29 IST">
    <groups>
    </groups>
    <test name="Default test" duration-ms="172901" started-at="2022-03-23T22:40:36 IST" finished-at="2022-03-23T22:43:29 IST">
      <class name="DriverFactory.AppTest">
        <test-method status="PASS" signature="kicStart()[pri:0, instance:DriverFactory.AppTest@516be40f]" name="kicStart" duration-ms="172814" started-at="2022-03-23T22:40:36 IST" finished-at="2022-03-23T22:43:29 IST">
          <reporter-output>
          </reporter-output>
        </test-method> <!-- kicStart -->
      </class> <!-- DriverFactory.AppTest -->
    </test> <!-- Default test -->
  </suite> <!-- Default suite -->
</testng-results>
